<?xml version="1.0" encoding="UTF-8"?>
<!-- Generated by org.testng.reporters.JUnitReportReporter -->
<testsuite hostname="ord-w-dawanip" name="com.qa.uptake.tests.NavigationTests" tests="1" failures="0" timestamp="31 Aug 2017 08:25:45 GMT" time="6.497" errors="0">
  <testcase name="verifyNavigation" time="6.497" classname="com.qa.uptake.tests.NavigationTests"/>
</testsuite> <!-- com.qa.uptake.tests.NavigationTests -->
